<?xml version="1.0" encoding="UTF-8"?>
<testng-results ignored="0" total="3" passed="3" failed="0" skipped="0">
  <reporter-output>
  </reporter-output>
  <suite started-at="2023-04-07T15:21:02 IST" name="Default suite" finished-at="2023-04-07T15:21:02 IST" duration-ms="262">
    <groups>
    </groups>
    <test started-at="2023-04-07T15:21:02 IST" name="Default test" finished-at="2023-04-07T15:21:02 IST" duration-ms="262">
      <class name="testngpackage.FirstTest">
        <test-method signature="f()[pri:1, instance:testngpackage.FirstTest@71238fc2]" started-at="2023-04-07T15:21:02 IST" name="f" finished-at="2023-04-07T15:21:02 IST" duration-ms="37" status="PASS">
          <reporter-output>
          </reporter-output>
        </test-method> <!-- f -->
        <test-method signature="f2()[pri:2, instance:testngpackage.FirstTest@71238fc2]" started-at="2023-04-07T15:21:02 IST" name="f2" finished-at="2023-04-07T15:21:02 IST" duration-ms="11" status="PASS">
          <reporter-output>
          </reporter-output>
        </test-method> <!-- f2 -->
        <test-method signature="f3()[pri:3, instance:testngpackage.FirstTest@71238fc2]" started-at="2023-04-07T15:21:02 IST" name="f3" finished-at="2023-04-07T15:21:02 IST" duration-ms="12" status="PASS">
          <reporter-output>
          </reporter-output>
        </test-method> <!-- f3 -->
      </class> <!-- testngpackage.FirstTest -->
    </test> <!-- Default test -->
  </suite> <!-- Default suite -->
</testng-results>
