<?xml version="1.0" encoding="UTF-8"?>
<!-- Generated by org.testng.reporters.JUnitXMLReporter -->
<testsuite ignored="0" hostname="DESKTOP-D15BNO2" failures="0" tests="5" name="Test" time="25.437" errors="0" timestamp="2023-04-09T23:33:55 IST">
  <testcase classname="extendreport.NopCommerceTest" name="setup" time="13.314"/>
  <testcase classname="extendreport.NopCommerceTest" name="TestLogo" time="0.221"/>
  <testcase classname="extendreport.NopCommerceTest" name="TestLogin" time="4.005"/>
  <testcase classname="extendreport.NopCommerceTest" name="TestLogout" time="4.382"/>
  <testcase classname="extendreport.NopCommerceTest" name="closeApp" time="1.628"/>
</testsuite> <!-- Test -->
