<?xml version="1.0" encoding="UTF-8"?>
<!-- Generated by org.testng.reporters.JUnitXMLReporter -->
<testsuite ignored="0" hostname="DESKTOP-D15BNO2" failures="0" tests="3" name="Default test" time="0.262" errors="0" timestamp="2023-04-07T15:21:02 IST">
  <testcase classname="testngpackage.FirstTest" name="f" time="0.037"/>
  <testcase classname="testngpackage.FirstTest" name="f2" time="0.011"/>
  <testcase classname="testngpackage.FirstTest" name="f3" time="0.012"/>
</testsuite> <!-- Default test -->
