<?xml version="1.0" encoding="UTF-8"?>
<testng-results ignored="0" total="1" passed="1" failed="0" skipped="0">
  <reporter-output>
  </reporter-output>
  <suite started-at="2023-04-13T21:43:20 IST" name="Default suite" finished-at="2023-04-13T21:43:25 IST" duration-ms="5443">
    <groups>
    </groups>
    <test started-at="2023-04-13T21:43:20 IST" name="Default test" finished-at="2023-04-13T21:43:25 IST" duration-ms="5443">
      <class name="pageobjectclasspattern.TestCodegramLogin">
        <test-method is-config="true" signature="setup()[pri:0, instance:pageobjectclasspattern.TestCodegramLogin@2ea41516]" started-at="2023-04-13T21:43:20 IST" name="setup" finished-at="2023-04-13T21:43:24 IST" duration-ms="4095" status="PASS">
          <reporter-output>
          </reporter-output>
        </test-method> <!-- setup -->
        <test-method signature="testLogin()[pri:1, instance:pageobjectclasspattern.TestCodegramLogin@2ea41516]" started-at="2023-04-13T21:43:24 IST" name="testLogin" finished-at="2023-04-13T21:43:25 IST" duration-ms="624" status="PASS">
          <reporter-output>
          </reporter-output>
        </test-method> <!-- testLogin -->
        <test-method is-config="true" signature="closeApp()[pri:0, instance:pageobjectclasspattern.TestCodegramLogin@2ea41516]" started-at="2023-04-13T21:43:25 IST" name="closeApp" finished-at="2023-04-13T21:43:25 IST" duration-ms="654" status="PASS">
          <reporter-output>
          </reporter-output>
        </test-method> <!-- closeApp -->
      </class> <!-- pageobjectclasspattern.TestCodegramLogin -->
    </test> <!-- Default test -->
  </suite> <!-- Default suite -->
</testng-results>
