<?xml version="1.0" encoding="UTF-8"?>
<!-- Generated by org.testng.reporters.JUnitXMLReporter -->
<testsuite ignored="0" hostname="DESKTOP-D15BNO2" failures="0" tests="3" name="Test" time="16.246" errors="0" timestamp="2023-04-07T17:18:50 IST">
  <testcase classname="testngpackage.SecondTest" name="openApp" time="13.323"/>
  <testcase classname="testngpackage.SecondTest" name="login" time="1.873"/>
  <testcase classname="testngpackage.SecondTest" name="logout" time="0.852"/>
</testsuite> <!-- Test -->
